Performing C SOURCE FILE Test CMAKE_HAVE_LIBC_PTHREAD failed with the following output:
Change Dir: /home/arpg/mocha_ws/src/mochagui/build/CMakeFiles/CMakeTmp

Run Build Command(s):/usr/bin/make -f Makefile cmTC_59e16/fast && /usr/bin/make  -f CMakeFiles/cmTC_59e16.dir/build.make CMakeFiles/cmTC_59e16.dir/build
make[1]: Entering directory '/home/arpg/mocha_ws/src/mochagui/build/CMakeFiles/CMakeTmp'
Building C object CMakeFiles/cmTC_59e16.dir/src.c.o
/usr/bin/cc -DCMAKE_HAVE_LIBC_PTHREAD   -o CMakeFiles/cmTC_59e16.dir/src.c.o -c /home/arpg/mocha_ws/src/mochagui/build/CMakeFiles/CMakeTmp/src.c
Linking C executable cmTC_59e16
/home/arpg/temp/cmake-3.23.0/bin/cmake -E cmake_link_script CMakeFiles/cmTC_59e16.dir/link.txt --verbose=1
/usr/bin/cc -rdynamic CMakeFiles/cmTC_59e16.dir/src.c.o -o cmTC_59e16 
CMakeFiles/cmTC_59e16.dir/src.c.o: In function `main':
src.c:(.text+0x48): undefined reference to `pthread_create'
src.c:(.text+0x50): undefined reference to `pthread_detach'
src.c:(.text+0x58): undefined reference to `pthread_cancel'
src.c:(.text+0x64): undefined reference to `pthread_join'
src.c:(.text+0x74): undefined reference to `pthread_atfork'
collect2: error: ld returned 1 exit status
CMakeFiles/cmTC_59e16.dir/build.make:98: recipe for target 'cmTC_59e16' failed
make[1]: *** [cmTC_59e16] Error 1
make[1]: Leaving directory '/home/arpg/mocha_ws/src/mochagui/build/CMakeFiles/CMakeTmp'
Makefile:127: recipe for target 'cmTC_59e16/fast' failed
make: *** [cmTC_59e16/fast] Error 2


Source file was:
#include <pthread.h>

static void* test_func(void* data)
{
  return data;
}

int main(void)
{
  pthread_t thread;
  pthread_create(&thread, NULL, test_func, NULL);
  pthread_detach(thread);
  pthread_cancel(thread);
  pthread_join(thread, NULL);
  pthread_atfork(NULL, NULL, NULL);
  pthread_exit(NULL);

  return 0;
}

Determining if the function pthread_create exists in the pthreads failed with the following output:
Change Dir: /home/arpg/mocha_ws/src/mochagui/build/CMakeFiles/CMakeTmp

Run Build Command(s):/usr/bin/make -f Makefile cmTC_af86f/fast && /usr/bin/make  -f CMakeFiles/cmTC_af86f.dir/build.make CMakeFiles/cmTC_af86f.dir/build
make[1]: Entering directory '/home/arpg/mocha_ws/src/mochagui/build/CMakeFiles/CMakeTmp'
Building C object CMakeFiles/cmTC_af86f.dir/CheckFunctionExists.c.o
/usr/bin/cc   -DCHECK_FUNCTION_EXISTS=pthread_create -o CMakeFiles/cmTC_af86f.dir/CheckFunctionExists.c.o -c /home/arpg/temp/cmake-3.23.0/Modules/CheckFunctionExists.c
Linking C executable cmTC_af86f
/home/arpg/temp/cmake-3.23.0/bin/cmake -E cmake_link_script CMakeFiles/cmTC_af86f.dir/link.txt --verbose=1
/usr/bin/cc  -DCHECK_FUNCTION_EXISTS=pthread_create -rdynamic CMakeFiles/cmTC_af86f.dir/CheckFunctionExists.c.o -o cmTC_af86f  -lpthreads 
/usr/bin/ld: cannot find -lpthreads
collect2: error: ld returned 1 exit status
CMakeFiles/cmTC_af86f.dir/build.make:98: recipe for target 'cmTC_af86f' failed
make[1]: *** [cmTC_af86f] Error 1
make[1]: Leaving directory '/home/arpg/mocha_ws/src/mochagui/build/CMakeFiles/CMakeTmp'
Makefile:127: recipe for target 'cmTC_af86f/fast' failed
make: *** [cmTC_af86f/fast] Error 2



